<?xml version="1.0" encoding="UTF-8"?>
<testng-results ignored="0" total="2" passed="2" failed="0" skipped="0">
  <reporter-output>
  </reporter-output>
  <suite started-at="2023-05-04T10:15:29 IST" name="Default suite" finished-at="2023-05-04T10:15:52 IST" duration-ms="23735">
    <groups>
    </groups>
    <test started-at="2023-05-04T10:15:29 IST" name="Default test" finished-at="2023-05-04T10:15:52 IST" duration-ms="23735">
      <class name="day10.Task5">
        <test-method is-config="true" signature="init()[pri:0, instance:day10.Task5@27406a17]" started-at="2023-05-04T10:15:25 IST" name="init" finished-at="2023-05-04T10:15:29 IST" duration-ms="3893" status="PASS">
          <reporter-output>
          </reporter-output>
        </test-method> <!-- init -->
        <test-method signature="Test1()[pri:0, instance:day10.Task5@27406a17]" started-at="2023-05-04T10:15:29 IST" name="Test1" finished-at="2023-05-04T10:15:51 IST" duration-ms="22914" status="PASS">
          <reporter-output>
          </reporter-output>
        </test-method> <!-- Test1 -->
        <test-method is-config="true" signature="getResult(org.testng.ITestResult)[pri:0, instance:day10.Task5@27406a17]" started-at="2023-05-04T10:15:52 IST" name="getResult" finished-at="2023-05-04T10:15:52 IST" duration-ms="40" status="PASS">
          <params>
            <param index="0">
              <value>
                <![CDATA[[TestResult name=Test1 status=SUCCESS method=Task5.Test1()[pri:0, instance:day10.Task5@27406a17] output={null}]]]>
              </value>
            </param>
          </params>
          <reporter-output>
          </reporter-output>
        </test-method> <!-- getResult -->
        <test-method signature="Test2()[pri:0, instance:day10.Task5@27406a17]" started-at="2023-05-04T10:15:52 IST" name="Test2" finished-at="2023-05-04T10:15:52 IST" duration-ms="226" status="PASS">
          <reporter-output>
          </reporter-output>
        </test-method> <!-- Test2 -->
        <test-method is-config="true" signature="getResult(org.testng.ITestResult)[pri:0, instance:day10.Task5@27406a17]" started-at="2023-05-04T10:15:52 IST" name="getResult" finished-at="2023-05-04T10:15:52 IST" duration-ms="1" status="PASS">
          <params>
            <param index="0">
              <value>
                <![CDATA[[TestResult name=Test2 status=SUCCESS method=Task5.Test2()[pri:0, instance:day10.Task5@27406a17] output={null}]]]>
              </value>
            </param>
          </params>
          <reporter-output>
          </reporter-output>
        </test-method> <!-- getResult -->
        <test-method is-config="true" signature="tearDown()[pri:0, instance:day10.Task5@27406a17]" started-at="2023-05-04T10:15:52 IST" name="tearDown" finished-at="2023-05-04T10:15:52 IST" duration-ms="446" status="PASS">
          <reporter-output>
          </reporter-output>
        </test-method> <!-- tearDown -->
      </class> <!-- day10.Task5 -->
    </test> <!-- Default test -->
  </suite> <!-- Default suite -->
</testng-results>
